<?xml version="1.0" encoding="UTF-8"?>
<testsuite xmlns:xsi="http://www.w3.org/2001/XMLSchema-instance" xsi:noNamespaceSchemaLocation="https://maven.apache.org/surefire/maven-surefire-plugin/xsd/surefire-test-report.xsd" version="3.0.2" name="I18nTests" time="0.67" tests="22" errors="0" skipped="0" failures="0">
  <properties>
[...]
</properties>
  <testcase name="getNavbarInnerHTML" classname="I18nTests" time="0.35">
    <system-err><![CDATA[jul 30, 2026 6:10:19 A. M. I18nTests getNavbarInnerHTML
INFO: navbar.innerHTML =
        `<select class="i18n i18n-key_locales" id="lang-switcher">
            <option value="de">German</option>
            <option value="en">English</option>
            <option value="es">Spanish</option>
        </select>
`;
]]></system-err>
  </testcase>
  <testcase name="getFunctionLoadTest" classname="I18nTests" time="0.017">
    <system-err><![CDATA[jul 30, 2026 6:10:19 A. M. I18nTests getFunctionLoadTest
INFO: function loadTranslations(lang) {
    switch (lang) {
        case "de":
            return deTranslations;
        case "en":
            return enTranslations;
        case "es":
            return esTranslations;

        default:
            return esTranslations;
    }
}
]]></system-err>
  </testcase>
  <testcase name="replaceSwitcherInnerHTMLTest" classname="I18nTests" time="0.011">
    <system-err><![CDATA[jul 30, 2026 6:10:19 A. M. I18nTests replaceSwitcherInnerHTMLTest
INFO: import nullTranslations from "./locales/null/translation.json" with { type: "json" };

const i18nDefaultLang = "null";
const i18nPrefix = "null";
const i18nKeyPrefix = "null";

function loadTranslations(lang) {
    switch (lang) {
        case "null":
            return nullTranslations;

        default:
            return nullTranslations;
    }
}

function translatePage(lang) {
    const translations = loadTranslations(lang);

    document.documentElement.lang = lang;

    const elements = document.querySelectorAll('.' + i18nPrefix);
    let key = null;
    let value = null;

    for (const elem of elements) {
        key = getJsonKey(elem);

        try {
            if (!key) throw new Error('The key class was not specified or is in an incorrect format.');
        } catch (error) {
            console.error(error);
            break;
        }

        value = getValueByKey(translations, key);

        if (value) {
            translateElement(elem, value);
        }
        else {
            console.warn(`The following key '${key}' was not found in the json file for the lang '${lang}'.`);
        }
    }
}

function getJsonKey(elem) {
    const classesArray = [...elem.classList];
    const delimiter = "_";
    let index = null;
    let key = null;

    for (const c of classesArray) {
        if (c.includes(i18nKeyPrefix)) {
            index = c.indexOf(delimiter);
            key = c.slice(index + 1);
            key = key.replaceAll(delimiter, ".");
        }
    }

    return key;
}

function getValueByKey(obj, key) {
    return key.split('.').reduce(
        (acc, part) => acc && acc[part], obj);
}

function translateElement(elem, value) {

    if (elem.tagName === "TABLE") {
        const elements = elem.getElementsByTagName("tr");
        let index = 0;

        for (const e of elements) {
            translateTr(e, value[index], index);
            index++;
        }

        return;
    }

    if (elem.tagName === "SELECT") {
        const elements = elem.getElementsByTagName("option");
        let index = 0;
        const keys = Object.keys(value[index]);

        for (const e of elements) {
            translateElement(e, value[index][keys[0]]);
            index++;
        }

        return;
    }

    if (hasHTML(value)) {
        changeInnerHTML(elem, value);
    }
    else {
        changeTextContent(elem, value);
    }

    return;
}

function translateTr(elem, value, index) {
    let row = null;

    if (index === 0) {
        row = elem.getElementsByTagName("th");
    }
    else {
        row = elem.getElementsByTagName("td");
    }

    const keys = Object.keys(value);
    let indexCell = 0;

    for (const cell of row) {
        if (cell.childElementCount > 0) {
            const c = cell.querySelector("p");
            translateElement(c, value[keys[indexCell]]);
        }
        else {
            const c = cell;
            translateElement(c, value[keys[indexCell]]);
        }

        indexCell++;
    }
}

function changeTextContent(elem, value) {
    if (elem.childElementCount > 0 && elem.firstElementChild.tagName === "SPAN") {
        elem.firstElementChild.textContent = value;
    }
    else {
        elem.textContent = value;
    }
}

function changeInnerHTML(elem, value) {
    if (elem.childElementCount > 0 && elem.firstElementChild.tagName === "SPAN") {
        elem.firstElementChild.innerHTML = value;
    }
    else {
        elem.innerHTML = value;
    }
}

function hasHTML(value) {
    const regexHTML = /<\/?[a-z][\s\S]*>/i;

    return regexHTML.test(value);
}

function createNavbar() {
    const reference = document.querySelector("#content");
    let navbar = document.createElement("div");

    navbar.setAttribute("id", "navbar");
    reference.parentNode.insertBefore(navbar, reference);

    navbar.innerHTML =
        `<select class="i18n i18n-key_locales" id="lang-switcher">
            <option value="de">German</option>
            <option value="en">English</option>
            <option value="es">Spanish</option>
        </select>
`;
}

function init() {

    createNavbar();

    const switcher = document.getElementById('lang-switcher');
    switcher.value = i18nDefaultLang;
    
    translatePage(i18nDefaultLang);
  
    switcher.addEventListener('change', (e) => {
        const selectedLang = e.target.value;
        translatePage(selectedLang);
    });
}

document.addEventListener('DOMContentLoaded', init);
]]></system-err>
  </testcase>
  <testcase name="replaceImportsTest" classname="I18nTests" time="0.012">
    <system-err><![CDATA[jul 30, 2026 6:10:19 A. M. I18nTests replaceImportsTest
INFO: import deTranslations from "./locales/de/test-file-json.json" with { type: "json" };
import enTranslations from "./locales/en/test-file-json.json" with { type: "json" };
import esTranslations from "./locales/es/test-file-json.json" with { type: "json" };

const i18nDefaultLang = "null";
const i18nPrefix = "null";
const i18nKeyPrefix = "null";

function loadTranslations(lang) {
    switch (lang) {
        case "null":
            return nullTranslations;

        default:
            return nullTranslations;
    }
}

function translatePage(lang) {
    const translations = loadTranslations(lang);

    document.documentElement.lang = lang;

    const elements = document.querySelectorAll('.' + i18nPrefix);
    let key = null;
    let value = null;

    for (const elem of elements) {
        key = getJsonKey(elem);

        try {
            if (!key) throw new Error('The key class was not specified or is in an incorrect format.');
        } catch (error) {
            console.error(error);
            break;
        }

        value = getValueByKey(translations, key);

        if (value) {
            translateElement(elem, value);
        }
        else {
            console.warn(`The following key '${key}' was not found in the json file for the lang '${lang}'.`);
        }
    }
}

function getJsonKey(elem) {
    const classesArray = [...elem.classList];
    const delimiter = "_";
    let index = null;
    let key = null;

    for (const c of classesArray) {
        if (c.includes(i18nKeyPrefix)) {
            index = c.indexOf(delimiter);
            key = c.slice(index + 1);
            key = key.replaceAll(delimiter, ".");
        }
    }

    return key;
}

function getValueByKey(obj, key) {
    return key.split('.').reduce(
        (acc, part) => acc && acc[part], obj);
}

function translateElement(elem, value) {

    if (elem.tagName === "TABLE") {
        const elements = elem.getElementsByTagName("tr");
        let index = 0;

        for (const e of elements) {
            translateTr(e, value[index], index);
            index++;
        }

        return;
    }

    if (elem.tagName === "SELECT") {
        const elements = elem.getElementsByTagName("option");
        let index = 0;
        const keys = Object.keys(value[index]);

        for (const e of elements) {
            translateElement(e, value[index][keys[0]]);
            index++;
        }

        return;
    }

    if (hasHTML(value)) {
        changeInnerHTML(elem, value);
    }
    else {
        changeTextContent(elem, value);
    }

    return;
}

function translateTr(elem, value, index) {
    let row = null;

    if (index === 0) {
        row = elem.getElementsByTagName("th");
    }
    else {
        row = elem.getElementsByTagName("td");
    }

    const keys = Object.keys(value);
    let indexCell = 0;

    for (const cell of row) {
        if (cell.childElementCount > 0) {
            const c = cell.querySelector("p");
            translateElement(c, value[keys[indexCell]]);
        }
        else {
            const c = cell;
            translateElement(c, value[keys[indexCell]]);
        }

        indexCell++;
    }
}

function changeTextContent(elem, value) {
    if (elem.childElementCount > 0 && elem.firstElementChild.tagName === "SPAN") {
        elem.firstElementChild.textContent = value;
    }
    else {
        elem.textContent = value;
    }
}

function changeInnerHTML(elem, value) {
    if (elem.childElementCount > 0 && elem.firstElementChild.tagName === "SPAN") {
        elem.firstElementChild.innerHTML = value;
    }
    else {
        elem.innerHTML = value;
    }
}

function hasHTML(value) {
    const regexHTML = /<\/?[a-z][\s\S]*>/i;

    return regexHTML.test(value);
}

function createNavbar() {
    const reference = document.querySelector("#content");
    let navbar = document.createElement("div");

    navbar.setAttribute("id", "navbar");
    reference.parentNode.insertBefore(navbar, reference);

    navbar.innerHTML =
        `null`;
}

function init() {

    createNavbar();

    const switcher = document.getElementById('lang-switcher');
    switcher.value = i18nDefaultLang;
    
    translatePage(i18nDefaultLang);
  
    switcher.addEventListener('change', (e) => {
        const selectedLang = e.target.value;
        translatePage(selectedLang);
    });
}

document.addEventListener('DOMContentLoaded', init);
]]></system-err>
  </testcase>
  <testcase name="replaceAttributeValuesTest" classname="I18nTests" time="0.011">
    <system-err><![CDATA[jul 30, 2026 6:10:19 A. M. I18nTests replaceAttributeValuesTest
INFO: import nullTranslations from "./locales/null/translation.json" with { type: "json" };

const i18nDefaultLang = "en";
const i18nPrefix = "i18n";
const i18nKeyPrefix = "key";

function loadTranslations(lang) {
    switch (lang) {
        case "null":
            return nullTranslations;

        default:
            return nullTranslations;
    }
}

function translatePage(lang) {
    const translations = loadTranslations(lang);

    document.documentElement.lang = lang;

    const elements = document.querySelectorAll('.' + i18nPrefix);
    let key = null;
    let value = null;

    for (const elem of elements) {
        key = getJsonKey(elem);

        try {
            if (!key) throw new Error('The key class was not specified or is in an incorrect format.');
        } catch (error) {
            console.error(error);
            break;
        }

        value = getValueByKey(translations, key);

        if (value) {
            translateElement(elem, value);
        }
        else {
            console.warn(`The following key '${key}' was not found in the json file for the lang '${lang}'.`);
        }
    }
}

function getJsonKey(elem) {
    const classesArray = [...elem.classList];
    const delimiter = "_";
    let index = null;
    let key = null;

    for (const c of classesArray) {
        if (c.includes(i18nKeyPrefix)) {
            index = c.indexOf(delimiter);
            key = c.slice(index + 1);
            key = key.replaceAll(delimiter, ".");
        }
    }

    return key;
}

function getValueByKey(obj, key) {
    return key.split('.').reduce(
        (acc, part) => acc && acc[part], obj);
}

function translateElement(elem, value) {

    if (elem.tagName === "TABLE") {
        const elements = elem.getElementsByTagName("tr");
        let index = 0;

        for (const e of elements) {
            translateTr(e, value[index], index);
            index++;
        }

        return;
    }

    if (elem.tagName === "SELECT") {
        const elements = elem.getElementsByTagName("option");
        let index = 0;
        const keys = Object.keys(value[index]);

        for (const e of elements) {
            translateElement(e, value[index][keys[0]]);
            index++;
        }

        return;
    }

    if (hasHTML(value)) {
        changeInnerHTML(elem, value);
    }
    else {
        changeTextContent(elem, value);
    }

    return;
}

function translateTr(elem, value, index) {
    let row = null;

    if (index === 0) {
        row = elem.getElementsByTagName("th");
    }
    else {
        row = elem.getElementsByTagName("td");
    }

    const keys = Object.keys(value);
    let indexCell = 0;

    for (const cell of row) {
        if (cell.childElementCount > 0) {
            const c = cell.querySelector("p");
            translateElement(c, value[keys[indexCell]]);
        }
        else {
            const c = cell;
            translateElement(c, value[keys[indexCell]]);
        }

        indexCell++;
    }
}

function changeTextContent(elem, value) {
    if (elem.childElementCount > 0 && elem.firstElementChild.tagName === "SPAN") {
        elem.firstElementChild.textContent = value;
    }
    else {
        elem.textContent = value;
    }
}

function changeInnerHTML(elem, value) {
    if (elem.childElementCount > 0 && elem.firstElementChild.tagName === "SPAN") {
        elem.firstElementChild.innerHTML = value;
    }
    else {
        elem.innerHTML = value;
    }
}

function hasHTML(value) {
    const regexHTML = /<\/?[a-z][\s\S]*>/i;

    return regexHTML.test(value);
}

function createNavbar() {
    const reference = document.querySelector("#content");
    let navbar = document.createElement("div");

    navbar.setAttribute("id", "navbar");
    reference.parentNode.insertBefore(navbar, reference);

    navbar.innerHTML =
        `null`;
}

function init() {

    createNavbar();

    const switcher = document.getElementById('lang-switcher');
    switcher.value = i18nDefaultLang;
    
    translatePage(i18nDefaultLang);
  
    switcher.addEventListener('change', (e) => {
        const selectedLang = e.target.value;
        translatePage(selectedLang);
    });
}

document.addEventListener('DOMContentLoaded', init);
]]></system-err>
  </testcase>
  <testcase name="isLocaleValidTest" classname="I18nTests" time="0.004"/>
  <testcase name="getKeysTest" classname="I18nTests" time="0.006"/>
  <testcase name="getAllLangJsonTest" classname="I18nTests" time="0.116">
    <system-err><![CDATA[jul 30, 2026 6:10:19 A. M. I18nTests getAllLangJsonTest
INFO: <script type="application/json" id="i18n-lang-json-de">
{
  "company" : "EuroTech Deutschland",
  "location" : {
    "city" : "München",
    "country" : "Deutschland"
  },
  "courses" : [ {
    "title" : "Java-Grundlagen",
    "durationHours" : 40,
    "isAvailable" : true,
    "modules" : [ "Variablen", "Schleifen", "Bedingungen" ]
  }, {
    "title" : "Java für Fortgeschrittene",
    "durationHours" : 80,
    "isAvailable" : false,
    "modules" : [ "OOP", "Spring Boot", "Testing" ]
  } ],
  "isActive" : true
}
</script>
<script type="application/json" id="i18n-lang-json-en">
{
  "company" : "EuroTech Germany",
  "location" : {
    "city" : "Munich",
    "country" : "Germany"
  },
  "courses" : [ {
    "title" : "Java Basics",
    "durationHours" : 40,
    "isAvailable" : true,
    "modules" : [ "Variables", "Loops", "Conditions" ]
  }, {
    "title" : "Advanced Java",
    "durationHours" : 80,
    "isAvailable" : false,
    "modules" : [ "OOP", "Spring Boot", "Testing" ]
  } ],
  "isActive" : true
}
</script>
<script type="application/json" id="i18n-lang-json-es">
{
  "company" : "EuroTech Alemania",
  "location" : {
    "city" : "Múnich",
    "country" : "Alemania"
  },
  "courses" : [ {
    "title" : "Fundamentos de Java",
    "durationHours" : 40,
    "isAvailable" : true,
    "modules" : [ "Variables", "Bucles", "Condiciones" ]
  }, {
    "title" : "Java Avanzado",
    "durationHours" : 80,
    "isAvailable" : false,
    "modules" : [ "POO", "Spring Boot", "Pruebas" ]
  } ],
  "isActive" : true
}
</script>

]]></system-err>
  </testcase>
  <testcase name="getSwitcherOptionsTest" classname="I18nTests" time="0.004">
    <system-err><![CDATA[jul 30, 2026 6:10:19 A. M. I18nTests getSwitcherOptionsTest
INFO:             <option value="de">German</option>
            <option value="en">English</option>
            <option value="es">Spanish</option>

]]></system-err>
  </testcase>
  <testcase name="getSwitcherSelectTest" classname="I18nTests" time="0.005">
    <system-err><![CDATA[jul 30, 2026 6:10:19 A. M. I18nTests getSwitcherSelectTest
INFO: <select class="i18n i18n-key_locales" id="lang-switcher">
            <option value="de">German</option>
            <option value="en">English</option>
            <option value="es">Spanish</option>
        </select>

]]></system-err>
  </testcase>
  <testcase name="replaceFunctionLoadTest" classname="I18nTests" time="0.005">
    <system-err><![CDATA[jul 30, 2026 6:10:19 A. M. I18nTests replaceFunctionLoadTest
INFO: import nullTranslations from "./locales/null/translation.json" with { type: "json" };

const i18nDefaultLang = "null";
const i18nPrefix = "null";
const i18nKeyPrefix = "null";

function loadTranslations(lang) {
    switch (lang) {
        case "de":
            return deTranslations;
        case "en":
            return enTranslations;
        case "es":
            return esTranslations;

        default:
            return enTranslations;
    }
}

function translatePage(lang) {
    const translations = loadTranslations(lang);

    document.documentElement.lang = lang;

    const elements = document.querySelectorAll('.' + i18nPrefix);
    let key = null;
    let value = null;

    for (const elem of elements) {
        key = getJsonKey(elem);

        try {
            if (!key) throw new Error('The key class was not specified or is in an incorrect format.');
        } catch (error) {
            console.error(error);
            break;
        }

        value = getValueByKey(translations, key);

        if (value) {
            translateElement(elem, value);
        }
        else {
            console.warn(`The following key '${key}' was not found in the json file for the lang '${lang}'.`);
        }
    }
}

function getJsonKey(elem) {
    const classesArray = [...elem.classList];
    const delimiter = "_";
    let index = null;
    let key = null;

    for (const c of classesArray) {
        if (c.includes(i18nKeyPrefix)) {
            index = c.indexOf(delimiter);
            key = c.slice(index + 1);
            key = key.replaceAll(delimiter, ".");
        }
    }

    return key;
}

function getValueByKey(obj, key) {
    return key.split('.').reduce(
        (acc, part) => acc && acc[part], obj);
}

function translateElement(elem, value) {

    if (elem.tagName === "TABLE") {
        const elements = elem.getElementsByTagName("tr");
        let index = 0;

        for (const e of elements) {
            translateTr(e, value[index], index);
            index++;
        }

        return;
    }

    if (elem.tagName === "SELECT") {
        const elements = elem.getElementsByTagName("option");
        let index = 0;
        const keys = Object.keys(value[index]);

        for (const e of elements) {
            translateElement(e, value[index][keys[0]]);
            index++;
        }

        return;
    }

    if (hasHTML(value)) {
        changeInnerHTML(elem, value);
    }
    else {
        changeTextContent(elem, value);
    }

    return;
}

function translateTr(elem, value, index) {
    let row = null;

    if (index === 0) {
        row = elem.getElementsByTagName("th");
    }
    else {
        row = elem.getElementsByTagName("td");
    }

    const keys = Object.keys(value);
    let indexCell = 0;

    for (const cell of row) {
        if (cell.childElementCount > 0) {
            const c = cell.querySelector("p");
            translateElement(c, value[keys[indexCell]]);
        }
        else {
            const c = cell;
            translateElement(c, value[keys[indexCell]]);
        }

        indexCell++;
    }
}

function changeTextContent(elem, value) {
    if (elem.childElementCount > 0 && elem.firstElementChild.tagName === "SPAN") {
        elem.firstElementChild.textContent = value;
    }
    else {
        elem.textContent = value;
    }
}

function changeInnerHTML(elem, value) {
    if (elem.childElementCount > 0 && elem.firstElementChild.tagName === "SPAN") {
        elem.firstElementChild.innerHTML = value;
    }
    else {
        elem.innerHTML = value;
    }
}

function hasHTML(value) {
    const regexHTML = /<\/?[a-z][\s\S]*>/i;

    return regexHTML.test(value);
}

function createNavbar() {
    const reference = document.querySelector("#content");
    let navbar = document.createElement("div");

    navbar.setAttribute("id", "navbar");
    reference.parentNode.insertBefore(navbar, reference);

    navbar.innerHTML =
        `null`;
}

function init() {

    createNavbar();

    const switcher = document.getElementById('lang-switcher');
    switcher.value = i18nDefaultLang;
    
    translatePage(i18nDefaultLang);
  
    switcher.addEventListener('change', (e) => {
        const selectedLang = e.target.value;
        translatePage(selectedLang);
    });
}

document.addEventListener('DOMContentLoaded', init);
]]></system-err>
  </testcase>
  <testcase name="readScriptFileTest" classname="I18nTests" time="0.004">
    <system-err><![CDATA[jul 30, 2026 6:10:19 A. M. I18nTests readScriptFileTest
INFO: import nullTranslations from "./locales/null/translation.json" with { type: "json" };

const i18nDefaultLang = "null";
const i18nPrefix = "null";
const i18nKeyPrefix = "null";

function loadTranslations(lang) {
    switch (lang) {
        case "null":
            return nullTranslations;

        default:
            return nullTranslations;
    }
}

function translatePage(lang) {
    const translations = loadTranslations(lang);

    document.documentElement.lang = lang;

    const elements = document.querySelectorAll('.' + i18nPrefix);
    let key = null;
    let value = null;

    for (const elem of elements) {
        key = getJsonKey(elem);

        try {
            if (!key) throw new Error('The key class was not specified or is in an incorrect format.');
        } catch (error) {
            console.error(error);
            break;
        }

        value = getValueByKey(translations, key);

        if (value) {
            translateElement(elem, value);
        }
        else {
            console.warn(`The following key '${key}' was not found in the json file for the lang '${lang}'.`);
        }
    }
}

function getJsonKey(elem) {
    const classesArray = [...elem.classList];
    const delimiter = "_";
    let index = null;
    let key = null;

    for (const c of classesArray) {
        if (c.includes(i18nKeyPrefix)) {
            index = c.indexOf(delimiter);
            key = c.slice(index + 1);
            key = key.replaceAll(delimiter, ".");
        }
    }

    return key;
}

function getValueByKey(obj, key) {
    return key.split('.').reduce(
        (acc, part) => acc && acc[part], obj);
}

function translateElement(elem, value) {

    if (elem.tagName === "TABLE") {
        const elements = elem.getElementsByTagName("tr");
        let index = 0;

        for (const e of elements) {
            translateTr(e, value[index], index);
            index++;
        }

        return;
    }

    if (elem.tagName === "SELECT") {
        const elements = elem.getElementsByTagName("option");
        let index = 0;
        const keys = Object.keys(value[index]);

        for (const e of elements) {
            translateElement(e, value[index][keys[0]]);
            index++;
        }

        return;
    }

    if (hasHTML(value)) {
        changeInnerHTML(elem, value);
    }
    else {
        changeTextContent(elem, value);
    }

    return;
}

function translateTr(elem, value, index) {
    let row = null;

    if (index === 0) {
        row = elem.getElementsByTagName("th");
    }
    else {
        row = elem.getElementsByTagName("td");
    }

    const keys = Object.keys(value);
    let indexCell = 0;

    for (const cell of row) {
        if (cell.childElementCount > 0) {
            const c = cell.querySelector("p");
            translateElement(c, value[keys[indexCell]]);
        }
        else {
            const c = cell;
            translateElement(c, value[keys[indexCell]]);
        }

        indexCell++;
    }
}

function changeTextContent(elem, value) {
    if (elem.childElementCount > 0 && elem.firstElementChild.tagName === "SPAN") {
        elem.firstElementChild.textContent = value;
    }
    else {
        elem.textContent = value;
    }
}

function changeInnerHTML(elem, value) {
    if (elem.childElementCount > 0 && elem.firstElementChild.tagName === "SPAN") {
        elem.firstElementChild.innerHTML = value;
    }
    else {
        elem.innerHTML = value;
    }
}

function hasHTML(value) {
    const regexHTML = /<\/?[a-z][\s\S]*>/i;

    return regexHTML.test(value);
}

function createNavbar() {
    const reference = document.querySelector("#content");
    let navbar = document.createElement("div");

    navbar.setAttribute("id", "navbar");
    reference.parentNode.insertBefore(navbar, reference);

    navbar.innerHTML =
        `null`;
}

function init() {

    createNavbar();

    const switcher = document.getElementById('lang-switcher');
    switcher.value = i18nDefaultLang;
    
    translatePage(i18nDefaultLang);
  
    switcher.addEventListener('change', (e) => {
        const selectedLang = e.target.value;
        translatePage(selectedLang);
    });
}

document.addEventListener('DOMContentLoaded', init);
]]></system-err>
  </testcase>
  <testcase name="getAttributeValuesTest" classname="I18nTests" time="0.003">
    <system-err><![CDATA[jul 30, 2026 6:10:19 A. M. I18nTests getAttributeValuesTest
INFO: const i18nDefaultLang = "en";
const i18nPrefix = "i18n";
const i18nKeyPrefix = "key";

]]></system-err>
  </testcase>
  <testcase name="replaceNavbarInnerHTMLTest" classname="I18nTests" time="0.007">
    <system-err><![CDATA[jul 30, 2026 6:10:19 A. M. I18nTests replaceNavbarInnerHTMLTest
INFO: import nullTranslations from "./locales/null/translation.json" with { type: "json" };

const i18nDefaultLang = "null";
const i18nPrefix = "null";
const i18nKeyPrefix = "null";

function loadTranslations(lang) {
    switch (lang) {
        case "null":
            return nullTranslations;

        default:
            return nullTranslations;
    }
}

function translatePage(lang) {
    const translations = loadTranslations(lang);

    document.documentElement.lang = lang;

    const elements = document.querySelectorAll('.' + i18nPrefix);
    let key = null;
    let value = null;

    for (const elem of elements) {
        key = getJsonKey(elem);

        try {
            if (!key) throw new Error('The key class was not specified or is in an incorrect format.');
        } catch (error) {
            console.error(error);
            break;
        }

        value = getValueByKey(translations, key);

        if (value) {
            translateElement(elem, value);
        }
        else {
            console.warn(`The following key '${key}' was not found in the json file for the lang '${lang}'.`);
        }
    }
}

function getJsonKey(elem) {
    const classesArray = [...elem.classList];
    const delimiter = "_";
    let index = null;
    let key = null;

    for (const c of classesArray) {
        if (c.includes(i18nKeyPrefix)) {
            index = c.indexOf(delimiter);
            key = c.slice(index + 1);
            key = key.replaceAll(delimiter, ".");
        }
    }

    return key;
}

function getValueByKey(obj, key) {
    return key.split('.').reduce(
        (acc, part) => acc && acc[part], obj);
}

function translateElement(elem, value) {

    if (elem.tagName === "TABLE") {
        const elements = elem.getElementsByTagName("tr");
        let index = 0;

        for (const e of elements) {
            translateTr(e, value[index], index);
            index++;
        }

        return;
    }

    if (elem.tagName === "SELECT") {
        const elements = elem.getElementsByTagName("option");
        let index = 0;
        const keys = Object.keys(value[index]);

        for (const e of elements) {
            translateElement(e, value[index][keys[0]]);
            index++;
        }

        return;
    }

    if (hasHTML(value)) {
        changeInnerHTML(elem, value);
    }
    else {
        changeTextContent(elem, value);
    }

    return;
}

function translateTr(elem, value, index) {
    let row = null;

    if (index === 0) {
        row = elem.getElementsByTagName("th");
    }
    else {
        row = elem.getElementsByTagName("td");
    }

    const keys = Object.keys(value);
    let indexCell = 0;

    for (const cell of row) {
        if (cell.childElementCount > 0) {
            const c = cell.querySelector("p");
            translateElement(c, value[keys[indexCell]]);
        }
        else {
            const c = cell;
            translateElement(c, value[keys[indexCell]]);
        }

        indexCell++;
    }
}

function changeTextContent(elem, value) {
    if (elem.childElementCount > 0 && elem.firstElementChild.tagName === "SPAN") {
        elem.firstElementChild.textContent = value;
    }
    else {
        elem.textContent = value;
    }
}

function changeInnerHTML(elem, value) {
    if (elem.childElementCount > 0 && elem.firstElementChild.tagName === "SPAN") {
        elem.firstElementChild.innerHTML = value;
    }
    else {
        elem.innerHTML = value;
    }
}

function hasHTML(value) {
    const regexHTML = /<\/?[a-z][\s\S]*>/i;

    return regexHTML.test(value);
}

function createNavbar() {
    const reference = document.querySelector("#content");
    let navbar = document.createElement("div");

    navbar.setAttribute("id", "navbar");
    reference.parentNode.insertBefore(navbar, reference);

    navbar.innerHTML =
        `<select class="i18n i18n-key_locales" id="lang-switcher">
            <option value="de">German</option>
            <option value="en">English</option>
            <option value="es">Spanish</option>
        </select>
`;
}

function init() {

    createNavbar();

    const switcher = document.getElementById('lang-switcher');
    switcher.value = i18nDefaultLang;
    
    translatePage(i18nDefaultLang);
  
    switcher.addEventListener('change', (e) => {
        const selectedLang = e.target.value;
        translatePage(selectedLang);
    });
}

document.addEventListener('DOMContentLoaded', init);
]]></system-err>
  </testcase>
  <testcase name="getFileNamesTest" classname="I18nTests" time="0.004"/>
  <testcase name="getSwitchCasesTest" classname="I18nTests" time="0.004">
    <system-err><![CDATA[jul 30, 2026 6:10:19 A. M. I18nTests getSwitchCasesTest
INFO:         case "de":
            return deTranslations;
        case "en":
            return enTranslations;
        case "es":
            return esTranslations;

]]></system-err>
  </testcase>
  <testcase name="getImportsTest" classname="I18nTests" time="0.007">
    <system-err><![CDATA[jul 30, 2026 6:10:19 A. M. I18nTests getImportsTest
INFO: import deTranslations from "./locales/de/test-file-json.json" with { type: "json" };
import enTranslations from "./locales/en/test-file-json.json" with { type: "json" };
import esTranslations from "./locales/es/test-file-json.json" with { type: "json" };

]]></system-err>
  </testcase>
  <testcase name="getLangJsonTest" classname="I18nTests" time="0.007">
    <system-err><![CDATA[jul 30, 2026 6:10:19 A. M. I18nTests getLangJsonTest
INFO: <script type="application/json" id="i18n-lang-json-de">
{
  "company" : "EuroTech Deutschland",
  "location" : {
    "city" : "München",
    "country" : "Deutschland"
  },
  "courses" : [ {
    "title" : "Java-Grundlagen",
    "durationHours" : 40,
    "isAvailable" : true,
    "modules" : [ "Variablen", "Schleifen", "Bedingungen" ]
  }, {
    "title" : "Java für Fortgeschrittene",
    "durationHours" : 80,
    "isAvailable" : false,
    "modules" : [ "OOP", "Spring Boot", "Testing" ]
  } ],
  "isActive" : true
}
</script>
]]></system-err>
  </testcase>
  <testcase name="readJsonFileTest" classname="I18nTests" time="0.004"/>
  <testcase name="getSwitchDefaultTest" classname="I18nTests" time="0.002">
    <system-err><![CDATA[jul 30, 2026 6:10:19 A. M. I18nTests getSwitchDefaultTest
INFO:         default:
            return esTranslations;

]]></system-err>
  </testcase>
  <testcase name="getTranslationsTest" classname="I18nTests" time="0.008">
    <system-err><![CDATA[jul 30, 2026 6:10:19 A. M. I18nTests getTranslationsTest
INFO: c:\Users\PC\Documents\Java\asciidoctorj-i18n-extension\src\main\resources
jul 30, 2026 6:10:19 A. M. I18nTests getTranslationsTest
INFO: {"company":"EuroTech Germany","location":{"city":"Munich","country":"Germany"},"courses":[{"title":"Java Basics","durationHours":40,"isAvailable":true,"modules":["Variables","Loops","Conditions"]},{"title":"Advanced Java","durationHours":80,"isAvailable":false,"modules":["OOP","Spring Boot","Testing"]}],"isActive":true}
]]></system-err>
  </testcase>
  <testcase name="junitTest" classname="I18nTests" time="0.002"/>
</testsuite>